http://bit.ly/1SV2lJ5

http://bit.ly/1SV2D2k

http://bit.ly/1SV2D2k

http://bit.ly/273ioKK

http://bit.ly/273ioKK

http://bit.ly/1SV2D2k

http://bit.ly/273ioKK

http://bit.ly/273ioKK

http://bit.ly/273ioKK

http://bit.ly/1T4udZY

http://bit.ly/1T4udZY

http://bit.ly/1SV5Oag

http://bit.ly/273ioKK

http://bit.ly/273ioKK

http://bit.ly/1UeIirB

http://bit.ly/1UeIiaM

http://bit.ly/1UAPGHT

http://bit.ly/1UeGEGh

http://bit.ly/1UAPGHT

http://bit.ly/1UAQ5tP

http://bit.ly/1UAQ5tP

http://bit.ly/1UeHNh6

http://bit.ly/1UeJmM3

http://bit.ly/1UeHNh6

http://bit.ly/1UAQCvS

http://bit.ly/1UeI1Vn

http://bit.ly/1UAQHj7

http://bit.ly/1UeIcjG

http://bit.ly/1UAQ5tP

http://bit.ly/1UAQnB8

http://bit.ly/1UARRv5

http://bit.ly/1UeJF9w

http://bit.ly/1UeKtvd

http://bit.ly/1UeIcjG

http://bit.ly/1UeI8QW

http://bit.ly/1UAQCvS

http://bit.ly/1UeJ4F1

http://bit.ly/1UAQM6r

http://bit.ly/1UAQMU6

http://bit.ly/1UARRv5

http://bit.ly/1UeJvPF

http://bit.ly/1UeIZ48

http://bit.ly/1UeHNh6

http://bit.ly/1UeGEGh

http://bit.ly/1UeGEGh

http://bit.ly/1UAR11r

http://bit.ly/1UeJmM3

http://bit.ly/1UAR11r

http://bit.ly/1UAR11r

http://bit.ly/1UAQ5tP

http://bit.ly/1UARpNg

http://bit.ly/1UeIiaM

http://bit.ly/1UeIib0

http://bit.ly/1UAQywh

http://bit.ly/1UeJ4F1

http://bit.ly/1UARWyK

http://bit.ly/1UeIirB

http://bit.ly/1UeIZ48

http://bit.ly/1UeK4sw

http://bit.ly/1UeKz5Q

http://bit.ly/1UeINlj

http://bit.ly/1UeJ081

http://bit.ly/1UAQywh

http://bit.ly/1UeI1Vn

http://bit.ly/1UeIib0

http://bit.ly/1UAQHj7

http://bit.ly/1UAQRag

http://bit.ly/1UARWyK

http://bit.ly/1UeIiaM

http://bit.ly/1UASrc8

http://bit.ly/1UASm8g

http://bit.ly/1UeIirB

http://bit.ly/1UeKz5Q

http://bit.ly/1UeKtvd

http://bit.ly/1UeJ081

http://bit.ly/1V2bige

http://bit.ly/1V2bige

http://bit.ly/1UeGEGh

http://bit.ly/1UeJmM3

http://bit.ly/1UeGEGh

http://bit.ly/1UAPGHT

http://bit.ly/1UeIcjG

http://bit.ly/1UAQywh

http://bit.ly/1UeI8QW

http://bit.ly/1UeI1Vn

http://bit.ly/1UeJQSa

http://bit.ly/1UeINlj

http://bit.ly/1UAQM6r

http://bit.ly/1UAQMU6

http://bit.ly/1UAQRag

http://bit.ly/1UeIiaM

http://bit.ly/1UASrc8

http://bit.ly/1UeJvPF

http://bit.ly/1UASm8g

http://bit.ly/1UeKejC

http://bit.ly/1UeJRpt

http://bit.ly/1UARpNg

http://bit.ly/1UeJQSa

http://bit.ly/1UAQnB8

http://bit.ly/1UeK4sw

http://bit.ly/1UeJF9w

http://bit.ly/1UeINlj

http://bit.ly/1UeKejC

http://bit.ly/1UeJRpt

http://bit.ly/1V2bige

http://bit.ly/1UeHNh6

http://bit.ly/1UeKtvd

http://bit.ly/1UAR11r

http://bit.ly/1UAPGHT

http://bit.ly/1V2bige

http://bit.ly/1V2bige

http://bit.ly/2eSyUrT

http://bit.ly/1UAPGHT

http://bit.ly/1UeGEGh

http://bit.ly/2eSyUrT

http://bit.ly/1V2bige

http://bit.ly/2dQScNv

http://bit.ly/2eSyUrT

http://bit.ly/2dQScNv

http://bit.ly/2eSyUrT

http://bit.ly/2b3LEbW

http://bit.ly/2b3LEbW

http://bit.ly/1UeKtvd

http://bit.ly/2eSyUrT

http://bit.ly/1UeHNh6

http://bit.ly/1UAR11r

http://bit.ly/1UAR11r

http://bit.ly/2eSyUrT

http://bit.ly/2eSyUrT

http://bit.ly/29lXn48

http://bit.ly/2nDrYoE

http://bit.ly/1UAQnB8

http://bit.ly/1UeGEGh

http://bit.ly/2nDrYoE

http://bit.ly/1UeI1Vn

http://bit.ly/1UAR11r

http://bit.ly/1UeJmM3

http://bit.ly/1UAQ5tP

http://bit.ly/1UeIcjG

http://bit.ly/1UAQywh

http://bit.ly/1UeI8QW

http://bit.ly/1UARpNg

http://bit.ly/1UeJ4F1

http://bit.ly/1UARRv5

http://bit.ly/1UeIirB

http://bit.ly/1UeIZ48

http://bit.ly/1UeKz5Q

http://bit.ly/1UeJF9w

http://bit.ly/1UeKtvd

http://bit.ly/1UeJRpt

http://bit.ly/28OlsUX

http://bit.ly/29lXn48

http://bit.ly/2b3LEbW

http://bit.ly/2eSyUrT

http://bit.ly/1UeJmM3

http://bit.ly/1UeI8QW

http://bit.ly/1UARpNg

http://bit.ly/1UeJQSa

http://bit.ly/1UAQCvS

http://bit.ly/1UAPGHT

http://bit.ly/1UAQM6r

http://bit.ly/1UAQMU6

http://bit.ly/1UAQRag

http://bit.ly/1UeIiaM

http://bit.ly/1UeINlj

